c:\users\b4014242\desktop\fdhgdg\particles\debug\vc141.pdb
c:\users\b4014242\desktop\fdhgdg\particles\debug\vc141.idb
c:\users\b4014242\desktop\fdhgdg\particles\debug\particlesystem.obj
c:\users\b4014242\desktop\fdhgdg\particles\debug\heightmap.obj
c:\users\b4014242\desktop\fdhgdg\particles\debug\effects.obj
c:\users\b4014242\desktop\fdhgdg\particles\debug\application.obj
c:\users\b4014242\desktop\fdhgdg\particles\debug\aeroplane.obj
c:\users\b4014242\desktop\fdhgdg\particles\drawheightmap.o
c:\users\b4014242\desktop\fdhgdg\particles\drawshadowcaster.o
c:\users\b4014242\desktop\fdhgdg\particles\particlerain.o
c:\users\b4014242\desktop\fdhgdg\particles\particlefire.o
c:\users\b4014242\desktop\fdhgdg\debug\particles.exe
c:\users\b4014242\desktop\fdhgdg\debug\particles.ilk
c:\users\b4014242\desktop\fdhgdg\debug\particles.pdb
c:\users\b4014242\desktop\fdhgdg\particles\debug\vc140.idb
c:\users\b4014242\desktop\fdhgdg\particles\debug\vc140.pdb
c:\users\b4014242\desktop\fdhgdg\particles\debug\particles.tlog\cl.command.1.tlog
c:\users\b4014242\desktop\fdhgdg\particles\debug\particles.tlog\cl.read.1.tlog
c:\users\b4014242\desktop\fdhgdg\particles\debug\particles.tlog\cl.write.1.tlog
c:\users\b4014242\desktop\fdhgdg\particles\debug\particles.tlog\custombuild.command.1.tlog
c:\users\b4014242\desktop\fdhgdg\particles\debug\particles.tlog\custombuild.read.1.tlog
c:\users\b4014242\desktop\fdhgdg\particles\debug\particles.tlog\custombuild.write.1.tlog
c:\users\b4014242\desktop\fdhgdg\particles\debug\particles.tlog\link.command.1.tlog
c:\users\b4014242\desktop\fdhgdg\particles\debug\particles.tlog\link.delete.1.tlog
c:\users\b4014242\desktop\fdhgdg\particles\debug\particles.tlog\link.read.1.tlog
c:\users\b4014242\desktop\fdhgdg\particles\debug\particles.tlog\link.write.1.tlog
